[1;30m      [35][44][open_log_file]  | [0mLog file successfully opened[0m
[1;30m      [35][45][open_log_file]  | [0m########################################[0m
[1;30m      [35][46][open_log_file]  | [0m# Magrheol: created by Josh Miller for #[0m
[1;30m      [35][47][open_log_file]  | [0m# computational chemistry Spring 2014. #[0m
[1;30m      [35][48][open_log_file]  | [0m########################################[0m
[1;30m         [35][26][domain_new]  | [0mCreated domain 10.00 x 10.00 x 10.00[0m
[1;30m    [35][35][domain_populate]  | [0mPopulating domain [0x12ec250] with [10] particles[0m
[1;30m      [35][51][domain_set_v0]  | [0mSetting initial velocity to [0.779, 0.000, 1.000][0m
[1;30m   [35][90][print_checkpoint]  | [0mWriting checkpoint to checkpoint file [checkpoints/chk_00000.dat][0m
[1;30m   [35][96][print_checkpoint]  | [0mWrote to checkpoint file [checkpoints/chk_00000.dat][0m
[1;30m   [35][90][print_checkpoint]  | [0mWriting checkpoint to checkpoint file [checkpoints/chk_00001.dat][0m
[1;30m   [35][96][print_checkpoint]  | [0mWrote to checkpoint file [checkpoints/chk_00001.dat][0m
[1;30m   [35][90][print_checkpoint]  | [0mWriting checkpoint to checkpoint file [checkpoints/chk_00002.dat][0m
[1;30m   [35][96][print_checkpoint]  | [0mWrote to checkpoint file [checkpoints/chk_00002.dat][0m
[1;30m   [35][90][print_checkpoint]  | [0mWriting checkpoint to checkpoint file [checkpoints/chk_00003.dat][0m
[1;30m   [35][96][print_checkpoint]  | [0mWrote to checkpoint file [checkpoints/chk_00003.dat][0m
[1;30m   [35][90][print_checkpoint]  | [0mWriting checkpoint to checkpoint file [checkpoints/chk_00004.dat][0m
[1;30m   [35][96][print_checkpoint]  | [0mWrote to checkpoint file [checkpoints/chk_00004.dat][0m
[1;30m   [35][90][print_checkpoint]  | [0mWriting checkpoint to checkpoint file [checkpoints/chk_00005.dat][0m
[1;30m   [35][96][print_checkpoint]  | [0mWrote to checkpoint file [checkpoints/chk_00005.dat][0m
[1;30m   [35][90][print_checkpoint]  | [0mWriting checkpoint to checkpoint file [checkpoints/chk_00006.dat][0m
[1;30m   [35][96][print_checkpoint]  | [0mWrote to checkpoint file [checkpoints/chk_00006.dat][0m
[1;30m   [35][90][print_checkpoint]  | [0mWriting checkpoint to checkpoint file [checkpoints/chk_00007.dat][0m
[1;30m   [35][96][print_checkpoint]  | [0mWrote to checkpoint file [checkpoints/chk_00007.dat][0m
[1;30m   [35][90][print_checkpoint]  | [0mWriting checkpoint to checkpoint file [checkpoints/chk_00008.dat][0m
[1;30m   [35][96][print_checkpoint]  | [0mWrote to checkpoint file [checkpoints/chk_00008.dat][0m
[1;30m   [35][90][print_checkpoint]  | [0mWriting checkpoint to checkpoint file [checkpoints/chk_00009.dat][0m
[1;30m   [35][96][print_checkpoint]  | [0mWrote to checkpoint file [checkpoints/chk_00009.dat][0m
